<?xml version="1.0" encoding="UTF-8"?>
<!-- Generated by org.testng.reporters.JUnitReportReporter -->
<testsuite hostname="anand" failures="0" tests="4" name="devopsLearning.Test1" time="0.013" errors="0" timestamp="10 Dec 2021 04:17:07 GMT">
  <testcase classname="devopsLearning.Test1" name="testO1ne" time="0.001"/>
  <testcase classname="devopsLearning.Test1" name="test3One" time="0.000"/>
  <testcase classname="devopsLearning.Test1" name="test2One" time="0.012"/>
  <testcase classname="devopsLearning.Test1" name="testOne" time="0.000"/>
</testsuite> <!-- devopsLearning.Test1 -->
